<?xml version="1.0" encoding="UTF-8"?>
<!-- Generated by org.testng.reporters.JUnitXMLReporter -->
<testsuite hostname="DESKTOP-0KDP1L5" name="GRP-smoke" tests="6" failures="0" timestamp="23 Nov 2018 11:27:53 GMT" time="0.096" errors="0">
  <testcase name="ab1" time="0.024" classname="com.clc.reg.B2Test"/>
  <testcase name="asasdaf" time="0.004" classname="com.clc.reg.B2Test"/>
  <testcase name="amjkfpor" time="0.004" classname="com.clc.login.A1Test"/>
  <testcase name="m1" time="0.002" classname="com.clc.login.A1Test"/>
  <testcase name="b1" time="0.003" classname="com.clc.reg.B1Test"/>
  <testcase name="b2" time="0.001" classname="com.clc.reg.B1Test"/>
</testsuite> <!-- GRP-smoke -->
