<?xml version="1.0" encoding="UTF-8"?>
<!-- Generated by org.testng.reporters.JUnitXMLReporter -->
<testsuite hostname="DESKTOP-0KDP1L5" name="Test" tests="18" failures="0" timestamp="23 Nov 2018 11:49:16 GMT" time="0.341" errors="0">
  <testcase name="b1" time="0.022" classname="com.clc.reg.B1Test"/>
  <testcase name="b2" time="0.011" classname="com.clc.reg.B1Test"/>
  <testcase name="a1" time="0.004" classname="com.clc.login.A2Test"/>
  <testcase name="addasfa1" time="0.003" classname="com.clc.login.A2Test"/>
  <testcase name="qwe1" time="0.002" classname="com.clc.login.A2Test"/>
  <testcase name="rqase1" time="0.003" classname="com.clc.login.A2Test"/>
  <testcase name="weqas1" time="0.004" classname="com.clc.login.A2Test"/>
  <testcase name="aaaab1" time="0.008" classname="com.clc.reg.B2Test"/>
  <testcase name="ab1" time="0.002" classname="com.clc.reg.B2Test"/>
  <testcase name="afsddb1" time="0.011" classname="com.clc.reg.B2Test"/>
  <testcase name="asasdaf" time="0.003" classname="com.clc.reg.B2Test"/>
  <testcase name="qwesaab1" time="0.002" classname="com.clc.reg.B2Test"/>
  <testcase name="sfgfgsab1" time="0.002" classname="com.clc.reg.B2Test"/>
  <testcase name="xsfsab1" time="0.003" classname="com.clc.reg.B2Test"/>
  <testcase name="amjkfpor" time="0.003" classname="com.clc.login.A1Test"/>
  <testcase name="asjdoo" time="0.004" classname="com.clc.login.A1Test"/>
  <testcase name="m1" time="0.002" classname="com.clc.login.A1Test"/>
  <testcase name="mbcfr" time="0.006" classname="com.clc.login.A1Test"/>
</testsuite> <!-- Test -->
