<?xml version="1.0" encoding="UTF-8"?>
<!-- Generated by org.testng.reporters.JUnitXMLReporter -->
<testsuite hostname="DESKTOP-0KDP1L5" name="Test2" tests="11" failures="0" timestamp="23 Nov 2018 11:24:16 GMT" time="0.157" errors="0">
  <testcase name="amjkfpor" time="0.002" classname="com.clc.login.A1Test"/>
  <testcase name="asjdoo" time="0.003" classname="com.clc.login.A1Test"/>
  <testcase name="m1" time="0.009" classname="com.clc.login.A1Test"/>
  <testcase name="mbcfr" time="0.032" classname="com.clc.login.A1Test"/>
  <testcase name="aaaab1" time="0.001" classname="com.clc.reg.B2Test"/>
  <testcase name="ab1" time="0.008" classname="com.clc.reg.B2Test"/>
  <testcase name="afsddb1" time="0.006" classname="com.clc.reg.B2Test"/>
  <testcase name="asasdaf" time="0.004" classname="com.clc.reg.B2Test"/>
  <testcase name="qwesaab1" time="0.002" classname="com.clc.reg.B2Test"/>
  <testcase name="sfgfgsab1" time="0.02" classname="com.clc.reg.B2Test"/>
  <testcase name="xsfsab1" time="0.007" classname="com.clc.reg.B2Test"/>
</testsuite> <!-- Test2 -->
